<?xml version="1.0" encoding="UTF-8"?>
<!-- Generated by org.testng.reporters.JUnitReportReporter -->
<testsuite skipped="0" hostname="DESKTOP-6IP7VMK" name="testNG_Exercise.TestNG_Test" tests="1" failures="0" timestamp="2021-05-06T03:23:32 EDT" time="7.074" errors="0">
  <testcase name="validUserSouldAbleToAddCatagory" time="7.074" classname="testNG_Exercise.TestNG_Test"/>
  <system-out/>
</testsuite> <!-- testNG_Exercise.TestNG_Test -->
